<?xml version="1.0" encoding="UTF-8"?>
<!-- Generated by org.testng.reporters.JUnitReportReporter -->
<testsuite hostname="80d84d00acf154e" failures="0" tests="1" name="ustbatchno3.TestNG.EmployeeTest" time="0.024" errors="0" timestamp="2023-03-13T10:49:36 IST" skipped="0">
  <testcase classname="ustbatchno3.TestNG.EmployeeTest" name="testforEmployee" time="0.024"/>
  <system-out/>
</testsuite> <!-- ustbatchno3.TestNG.EmployeeTest -->
