<?xml version="1.0" encoding="UTF-8"?>
<!-- Generated by org.testng.reporters.JUnitReportReporter -->
<testsuite hostname="80d84d00acf154e" failures="0" tests="1" name="ustbatchno3.TestNG.VishwaTest" time="0.021" errors="0" timestamp="2023-03-13T16:01:53 IST" skipped="0">
  <testcase classname="ustbatchno3.TestNG.VishwaTest" name="vmtest" time="0.021"/>
  <system-out/>
</testsuite> <!-- ustbatchno3.TestNG.VishwaTest -->
